<?xml version="1.0" encoding="UTF-8"?>
<testng-results skipped="0" failed="0" ignored="0" total="1" passed="1">
  <reporter-output>
  </reporter-output>
  <suite name="Suite" duration-ms="27158" started-at="2017-02-16T18:52:17Z" finished-at="2017-02-16T18:52:45Z">
    <groups>
    </groups>
    <test name="Test" duration-ms="27158" started-at="2017-02-16T18:52:17Z" finished-at="2017-02-16T18:52:45Z">
      <class name="com.hrm.scripts.CreateEmployee">
        <test-method status="PASS" signature="initReport()[pri:0, instance:com.hrm.scripts.CreateEmployee@cb644e]" name="initReport" is-config="true" duration-ms="655" started-at="2017-02-17T00:22:17Z" finished-at="2017-02-17T00:22:17Z">
          <reporter-output>
          </reporter-output>
        </test-method> <!-- initReport -->
        <test-method status="PASS" signature="initGlobalVar()[pri:0, instance:com.hrm.scripts.CreateEmployee@cb644e]" name="initGlobalVar" is-config="true" duration-ms="2" started-at="2017-02-17T00:22:17Z" finished-at="2017-02-17T00:22:17Z">
          <reporter-output>
          </reporter-output>
        </test-method> <!-- initGlobalVar -->
        <test-method status="PASS" signature="initApplication(java.lang.String)[pri:0, instance:com.hrm.scripts.CreateEmployee@cb644e]" name="initApplication" is-config="true" duration-ms="4860" started-at="2017-02-17T00:22:17Z" finished-at="2017-02-17T00:22:22Z">
          <params>
            <param index="0">
              <value>
                <![CDATA[chrome]]>
              </value>
            </param>
          </params>
          <reporter-output>
          </reporter-output>
        </test-method> <!-- initApplication -->
        <test-method status="PASS" signature="preCondition(java.lang.reflect.Method)[pri:0, instance:com.hrm.scripts.CreateEmployee@cb644e]" name="preCondition" is-config="true" duration-ms="5441" started-at="2017-02-17T00:22:22Z" finished-at="2017-02-17T00:22:28Z">
          <params>
            <param index="0">
              <value>
                <![CDATA[public void com.hrm.scripts.CreateEmployee.testCreateEmployee()]]>
              </value>
            </param>
          </params>
          <reporter-output>
          </reporter-output>
        </test-method> <!-- preCondition -->
        <test-method status="PASS" signature="testCreateEmployee()[pri:0, instance:com.hrm.scripts.CreateEmployee@cb644e]" name="testCreateEmployee" duration-ms="14276" started-at="2017-02-17T00:22:28Z" finished-at="2017-02-17T00:22:42Z">
          <reporter-output>
          </reporter-output>
        </test-method> <!-- testCreateEmployee -->
        <test-method status="PASS" signature="postCondition(org.testng.ITestResult)[pri:0, instance:com.hrm.scripts.CreateEmployee@cb644e]" name="postCondition" is-config="true" duration-ms="1147" started-at="2017-02-17T00:22:42Z" finished-at="2017-02-17T00:22:43Z">
          <params>
            <param index="0">
              <value>
                <![CDATA[[TestResult name=testCreateEmployee status=SUCCESS method=CreateEmployee.testCreateEmployee()[pri:0, instance:com.hrm.scripts.CreateEmployee@cb644e] output={null}]]]>
              </value>
            </param>
          </params>
          <reporter-output>
          </reporter-output>
        </test-method> <!-- postCondition -->
        <test-method status="PASS" signature="closeApplication()[pri:0, instance:com.hrm.scripts.CreateEmployee@cb644e]" name="closeApplication" is-config="true" duration-ms="1387" started-at="2017-02-17T00:22:43Z" finished-at="2017-02-17T00:22:45Z">
          <reporter-output>
          </reporter-output>
        </test-method> <!-- closeApplication -->
        <test-method status="PASS" signature="publishReport()[pri:0, instance:com.hrm.scripts.CreateEmployee@cb644e]" name="publishReport" is-config="true" duration-ms="780" started-at="2017-02-17T00:22:45Z" finished-at="2017-02-17T00:22:45Z">
          <reporter-output>
          </reporter-output>
        </test-method> <!-- publishReport -->
      </class> <!-- com.hrm.scripts.CreateEmployee -->
    </test> <!-- Test -->
  </suite> <!-- Suite -->
</testng-results>
